<?xml version="1.0" encoding="UTF-8"?>
<coverage generated="1648199177908" clover="3.2.0">
  <project timestamp="1648199177908" name="All files">
    <metrics statements="30" coveredstatements="21" conditionals="22" coveredconditionals="7" methods="3" coveredmethods="2" elements="55" coveredelements="30" complexity="0" loc="30" ncloc="30" packages="2" files="2" classes="2"/>
    <package name="components.buttons">
      <metrics statements="4" coveredstatements="3" conditionals="8" coveredconditionals="2" methods="3" coveredmethods="2"/>
      <file name="MenuButton.js" path="/Users/andre/Documents/MobileProjects/StreamDrone/front_webservice_v2/src/components/buttons/MenuButton.js">
        <metrics statements="4" coveredstatements="3" conditionals="8" coveredconditionals="2" methods="3" coveredmethods="2"/>
        <line num="7" count="1" type="stmt"/>
        <line num="19" count="1" type="stmt"/>
        <line num="23" count="1" type="stmt"/>
        <line num="93" count="0" type="stmt"/>
      </file>
    </package>
    <package name="constants">
      <metrics statements="26" coveredstatements="18" conditionals="14" coveredconditionals="5" methods="0" coveredmethods="0"/>
      <file name="Constants.js" path="/Users/andre/Documents/MobileProjects/StreamDrone/front_webservice_v2/src/constants/Constants.js">
        <metrics statements="26" coveredstatements="18" conditionals="14" coveredconditionals="5" methods="0" coveredmethods="0"/>
        <line num="4" count="1" type="stmt"/>
        <line num="5" count="1" type="cond" truecount="1" falsecount="1"/>
        <line num="8" count="1" type="stmt"/>
        <line num="9" count="1" type="stmt"/>
        <line num="10" count="1" type="stmt"/>
        <line num="11" count="1" type="stmt"/>
        <line num="12" count="1" type="stmt"/>
        <line num="13" count="1" type="stmt"/>
        <line num="14" count="1" type="stmt"/>
        <line num="15" count="1" type="stmt"/>
        <line num="16" count="1" type="stmt"/>
        <line num="17" count="1" type="stmt"/>
        <line num="18" count="1" type="stmt"/>
        <line num="20" count="1" type="stmt"/>
        <line num="21" count="1" type="stmt"/>
        <line num="22" count="1" type="cond" truecount="1" falsecount="5"/>
        <line num="24" count="0" type="stmt"/>
        <line num="25" count="0" type="stmt"/>
        <line num="27" count="0" type="stmt"/>
        <line num="28" count="0" type="stmt"/>
        <line num="30" count="1" type="stmt"/>
        <line num="31" count="1" type="stmt"/>
        <line num="33" count="0" type="stmt"/>
        <line num="34" count="0" type="stmt"/>
        <line num="36" count="0" type="stmt"/>
        <line num="37" count="0" type="stmt"/>
      </file>
    </package>
  </project>
</coverage>
