{"/Users/andre/Documents/MobileProjects/StreamDrone/front_webservice_v2/src/components/buttons/MenuButton.js": {"path":"/Users/andre/Documents/MobileProjects/StreamDrone/front_webservice_v2/src/components/buttons/MenuButton.js","statementMap":{"0":{"start":{"line":7,"column":21},"end":{"line":16,"column":3}},"1":{"start":{"line":19,"column":4},"end":{"line":19,"column":17}},"2":{"start":{"line":23,"column":4},"end":{"line":99,"column":6}},"3":{"start":{"line":93,"column":35},"end":{"line":93,"column":55}}},"fnMap":{"0":{"name":"(anonymous_0)","decl":{"start":{"line":18,"column":2},"end":{"line":18,"column":3}},"loc":{"start":{"line":18,"column":19},"end":{"line":20,"column":3}},"line":18},"1":{"name":"(anonymous_1)","decl":{"start":{"line":22,"column":2},"end":{"line":22,"column":3}},"loc":{"start":{"line":22,"column":11},"end":{"line":100,"column":3}},"line":22},"2":{"name":"(anonymous_2)","decl":{"start":{"line":93,"column":29},"end":{"line":93,"column":30}},"loc":{"start":{"line":93,"column":35},"end":{"line":93,"column":55}},"line":93}},"branchMap":{"0":{"loc":{"start":{"line":44,"column":9},"end":{"line":56,"column":16}},"type":"cond-expr","locations":[{"start":{"line":45,"column":10},"end":{"line":55,"column":12}},{"start":{"line":56,"column":12},"end":{"line":56,"column":16}}],"line":44},"1":{"loc":{"start":{"line":79,"column":11},"end":{"line":96,"column":11}},"type":"cond-expr","locations":[{"start":{"line":79,"column":35},"end":{"line":79,"column":39}},{"start":{"line":80,"column":12},"end":{"line":95,"column":14}}],"line":79},"2":{"loc":{"start":{"line":83,"column":28},"end":{"line":83,"column":59}},"type":"cond-expr","locations":[{"start":{"line":83,"column":52},"end":{"line":83,"column":53}},{"start":{"line":83,"column":56},"end":{"line":83,"column":59}}],"line":83},"3":{"loc":{"start":{"line":84,"column":28},"end":{"line":84,"column":59}},"type":"cond-expr","locations":[{"start":{"line":84,"column":52},"end":{"line":84,"column":53}},{"start":{"line":84,"column":56},"end":{"line":84,"column":59}}],"line":84}},"s":{"0":1,"1":1,"2":1,"3":0},"f":{"0":1,"1":1,"2":0},"b":{"0":[0,1],"1":[1,0],"2":[0,0],"3":[0,0]},"_coverageSchema":"1a1c01bbd47fc00a2c39e90264f33305004495a9","hash":"ae866c342c00ac6f85154d197d19de19f9693cd8"}
,"/Users/andre/Documents/MobileProjects/StreamDrone/front_webservice_v2/src/constants/Constants.js": {"path":"/Users/andre/Documents/MobileProjects/StreamDrone/front_webservice_v2/src/constants/Constants.js","statementMap":{"0":{"start":{"line":4,"column":15},"end":{"line":4,"column":19}},"1":{"start":{"line":5,"column":15},"end":{"line":7,"column":44}},"2":{"start":{"line":8,"column":19},"end":{"line":8,"column":21}},"3":{"start":{"line":9,"column":20},"end":{"line":9,"column":22}},"4":{"start":{"line":10,"column":19},"end":{"line":10,"column":39}},"5":{"start":{"line":11,"column":17},"end":{"line":11,"column":34}},"6":{"start":{"line":12,"column":21},"end":{"line":12,"column":38}},"7":{"start":{"line":13,"column":19},"end":{"line":13,"column":39}},"8":{"start":{"line":14,"column":18},"end":{"line":14,"column":27}},"9":{"start":{"line":15,"column":18},"end":{"line":15,"column":27}},"10":{"start":{"line":16,"column":19},"end":{"line":16,"column":28}},"11":{"start":{"line":17,"column":19},"end":{"line":17,"column":28}},"12":{"start":{"line":18,"column":33},"end":{"line":18,"column":40}},"13":{"start":{"line":20,"column":19},"end":{"line":20,"column":35}},"14":{"start":{"line":21,"column":16},"end":{"line":21,"column":17}},"15":{"start":{"line":22,"column":0},"end":{"line":39,"column":1}},"16":{"start":{"line":24,"column":4},"end":{"line":24,"column":20}},"17":{"start":{"line":25,"column":4},"end":{"line":25,"column":10}},"18":{"start":{"line":27,"column":4},"end":{"line":27,"column":21}},"19":{"start":{"line":28,"column":4},"end":{"line":28,"column":10}},"20":{"start":{"line":30,"column":4},"end":{"line":30,"column":18}},"21":{"start":{"line":31,"column":4},"end":{"line":31,"column":10}},"22":{"start":{"line":33,"column":4},"end":{"line":33,"column":18}},"23":{"start":{"line":34,"column":4},"end":{"line":34,"column":10}},"24":{"start":{"line":36,"column":4},"end":{"line":36,"column":20}},"25":{"start":{"line":37,"column":4},"end":{"line":37,"column":10}}},"fnMap":{},"branchMap":{"0":{"loc":{"start":{"line":5,"column":15},"end":{"line":7,"column":44}},"type":"cond-expr","locations":[{"start":{"line":6,"column":4},"end":{"line":6,"column":44}},{"start":{"line":7,"column":4},"end":{"line":7,"column":44}}],"line":5},"1":{"loc":{"start":{"line":22,"column":0},"end":{"line":39,"column":1}},"type":"switch","locations":[{"start":{"line":23,"column":2},"end":{"line":25,"column":10}},{"start":{"line":26,"column":2},"end":{"line":28,"column":10}},{"start":{"line":29,"column":2},"end":{"line":31,"column":10}},{"start":{"line":32,"column":2},"end":{"line":34,"column":10}},{"start":{"line":35,"column":2},"end":{"line":37,"column":10}},{"start":{"line":38,"column":2},"end":{"line":38,"column":10}}],"line":22},"2":{"loc":{"start":{"line":159,"column":18},"end":{"line":159,"column":49}},"type":"cond-expr","locations":[{"start":{"line":159,"column":42},"end":{"line":159,"column":44}},{"start":{"line":159,"column":47},"end":{"line":159,"column":49}}],"line":159},"3":{"loc":{"start":{"line":160,"column":21},"end":{"line":160,"column":52}},"type":"cond-expr","locations":[{"start":{"line":160,"column":45},"end":{"line":160,"column":47}},{"start":{"line":160,"column":50},"end":{"line":160,"column":52}}],"line":160},"4":{"loc":{"start":{"line":199,"column":19},"end":{"line":199,"column":52}},"type":"cond-expr","locations":[{"start":{"line":199,"column":43},"end":{"line":199,"column":46}},{"start":{"line":199,"column":49},"end":{"line":199,"column":52}}],"line":199}},"s":{"0":1,"1":1,"2":1,"3":1,"4":1,"5":1,"6":1,"7":1,"8":1,"9":1,"10":1,"11":1,"12":1,"13":1,"14":1,"15":1,"16":0,"17":0,"18":0,"19":0,"20":1,"21":1,"22":0,"23":0,"24":0,"25":0},"f":{},"b":{"0":[1,0],"1":[0,0,1,0,0,0],"2":[1,0],"3":[1,0],"4":[1,0]},"_coverageSchema":"1a1c01bbd47fc00a2c39e90264f33305004495a9","hash":"054f732ce854018ac335afa05d94c4d50dea7150"}
}
