TN:
SF:src/components/buttons/MenuButton.js
FN:18,(anonymous_0)
FN:22,(anonymous_1)
FN:93,(anonymous_2)
FNF:3
FNH:2
FNDA:1,(anonymous_0)
FNDA:1,(anonymous_1)
FNDA:0,(anonymous_2)
DA:7,1
DA:19,1
DA:23,1
DA:93,0
LF:4
LH:3
BRDA:44,0,0,0
BRDA:44,0,1,1
BRDA:79,1,0,1
BRDA:79,1,1,0
BRDA:83,2,0,0
BRDA:83,2,1,0
BRDA:84,3,0,0
BRDA:84,3,1,0
BRF:8
BRH:2
end_of_record
TN:
SF:src/constants/Constants.js
FNF:0
FNH:0
DA:4,1
DA:5,1
DA:8,1
DA:9,1
DA:10,1
DA:11,1
DA:12,1
DA:13,1
DA:14,1
DA:15,1
DA:16,1
DA:17,1
DA:18,1
DA:20,1
DA:21,1
DA:22,1
DA:24,0
DA:25,0
DA:27,0
DA:28,0
DA:30,1
DA:31,1
DA:33,0
DA:34,0
DA:36,0
DA:37,0
LF:26
LH:18
BRDA:5,0,0,1
BRDA:5,0,1,0
BRDA:22,1,0,0
BRDA:22,1,1,0
BRDA:22,1,2,1
BRDA:22,1,3,0
BRDA:22,1,4,0
BRDA:22,1,5,0
BRDA:159,2,0,1
BRDA:159,2,1,0
BRDA:160,3,0,1
BRDA:160,3,1,0
BRDA:199,4,0,1
BRDA:199,4,1,0
BRF:14
BRH:5
end_of_record
